<?xml version="1.0" encoding="UTF-8"?>
<testng-results skipped="0" failed="0" ignored="0" total="1" passed="1">
  <reporter-output>
  </reporter-output>
  <suite name="Default suite" duration-ms="16247" started-at="2018-10-20T09:39:31Z" finished-at="2018-10-20T09:39:47Z">
    <groups>
    </groups>
    <test name="Default test" duration-ms="16247" started-at="2018-10-20T09:39:31Z" finished-at="2018-10-20T09:39:47Z">
      <class name="com.technocredits.orangeHRM.TestScripts.LoginTest">
        <test-method status="PASS" signature="doLogin()[pri:0, instance:com.technocredits.orangeHRM.TestScripts.LoginTest@62ee68d8]" name="doLogin" duration-ms="16226" started-at="2018-10-20T15:09:31Z" finished-at="2018-10-20T15:09:47Z">
          <reporter-output>
          </reporter-output>
        </test-method> <!-- doLogin -->
      </class> <!-- com.technocredits.orangeHRM.TestScripts.LoginTest -->
    </test> <!-- Default test -->
  </suite> <!-- Default suite -->
</testng-results>
